loading app core/main_controller.py
loading app ryu.controller.ofp_handler
instantiating app core/main_controller.py of FLOWPRI2
instantiating app ryu.controller.ofp_handler of OFPHandler
BRICK FLOWPRI2
  CONSUMES EventOFPFlowRemoved
  CONSUMES EventOFPPacketIn
  CONSUMES EventOFPPortStatus
  CONSUMES EventOFPSwitchFeatures
BRICK ofp_event
  PROVIDES EventOFPFlowRemoved TO {'FLOWPRI2': {'main'}}
  PROVIDES EventOFPPacketIn TO {'FLOWPRI2': {'main'}}
  PROVIDES EventOFPPortStatus TO {'FLOWPRI2': {'main'}}
  PROVIDES EventOFPSwitchFeatures TO {'FLOWPRI2': {'config'}}
  CONSUMES EventOFPEchoReply
  CONSUMES EventOFPEchoRequest
  CONSUMES EventOFPErrorMsg
  CONSUMES EventOFPHello
  CONSUMES EventOFPPortDescStatsReply
  CONSUMES EventOFPPortStatus
  CONSUMES EventOFPSwitchFeatures
connected socket:<eventlet.greenio.base.GreenSocket object at 0x79af8c4e6d30> address:('172.16.3.50', 50490)
hello ev <ryu.controller.ofp_event.EventOFPHello object at 0x79af8c4f52e0>
move onto config mode
EVENT ofp_event->FLOWPRI2 EventOFPSwitchFeatures
switch features ev version=0x4,msg_type=0x6,msg_len=0x20,xid=0xc9e68f29,OFPSwitchFeatures(auxiliary_id=0,capabilities=79,datapath_id=3,n_buffers=0,n_tables=254)
move onto main mode
EVENT ofp_event->FLOWPRI2 EventOFPPacketIn
EVENT ofp_event->FLOWPRI2 EventOFPPacketIn
EVENT ofp_event->FLOWPRI2 EventOFPPacketIn
EVENT ofp_event->FLOWPRI2 EventOFPPacketIn
EVENT ofp_event->FLOWPRI2 EventOFPPacketIn
EVENT ofp_event->FLOWPRI2 EventOFPPacketIn
EVENT ofp_event->FLOWPRI2 EventOFPPacketIn
EVENT ofp_event->FLOWPRI2 EventOFPPacketIn
EVENT ofp_event->FLOWPRI2 EventOFPPacketIn
EVENT ofp_event->FLOWPRI2 EventOFPPacketIn
EVENT ofp_event->FLOWPRI2 EventOFPPacketIn
EVENT ofp_event->FLOWPRI2 EventOFPPacketIn
EVENT ofp_event->FLOWPRI2 EventOFPPacketIn
EVENT ofp_event->FLOWPRI2 EventOFPPacketIn
EVENT ofp_event->FLOWPRI2 EventOFPPacketIn
EVENT ofp_event->FLOWPRI2 EventOFPPacketIn
EVENT ofp_event->FLOWPRI2 EventOFPPacketIn
EVENT ofp_event->FLOWPRI2 EventOFPPacketIn
EVENT ofp_event->FLOWPRI2 EventOFPPacketIn
EVENT ofp_event->FLOWPRI2 EventOFPPacketIn
EVENT ofp_event->FLOWPRI2 EventOFPPacketIn
EVENT ofp_event->FLOWPRI2 EventOFPPacketIn
EVENT ofp_event->FLOWPRI2 EventOFPPacketIn
EVENT ofp_event->FLOWPRI2 EventOFPPacketIn
EVENT ofp_event->FLOWPRI2 EventOFPPacketIn
EVENT ofp_event->FLOWPRI2 EventOFPPacketIn
EVENT ofp_event->FLOWPRI2 EventOFPPacketIn
EVENT ofp_event->FLOWPRI2 EventOFPPacketIn
EVENT ofp_event->FLOWPRI2 EventOFPPacketIn
EVENT ofp_event->FLOWPRI2 EventOFPPacketIn
EVENT ofp_event->FLOWPRI2 EventOFPPacketIn
EVENT ofp_event->FLOWPRI2 EventOFPPacketIn
EVENT ofp_event->FLOWPRI2 EventOFPPacketIn
EVENT ofp_event->FLOWPRI2 EventOFPPacketIn
EVENT ofp_event->FLOWPRI2 EventOFPPacketIn
EVENT ofp_event->FLOWPRI2 EventOFPPacketIn
EVENT ofp_event->FLOWPRI2 EventOFPPacketIn
EVENT ofp_event->FLOWPRI2 EventOFPPacketIn
EVENT ofp_event->FLOWPRI2 EventOFPPacketIn
EVENT ofp_event->FLOWPRI2 EventOFPPacketIn
EVENT ofp_event->FLOWPRI2 EventOFPPacketIn
EVENT ofp_event->FLOWPRI2 EventOFPPacketIn
EVENT ofp_event->FLOWPRI2 EventOFPPacketIn
EVENT ofp_event->FLOWPRI2 EventOFPPacketIn
EVENT ofp_event->FLOWPRI2 EventOFPPacketIn
EVENT ofp_event->FLOWPRI2 EventOFPPacketIn
EVENT ofp_event->FLOWPRI2 EventOFPPacketIn
EVENT ofp_event->FLOWPRI2 EventOFPPacketIn
EVENT ofp_event->FLOWPRI2 EventOFPPacketIn
EVENT ofp_event->FLOWPRI2 EventOFPPacketIn
EVENT ofp_event->FLOWPRI2 EventOFPPacketIn
EVENT ofp_event->FLOWPRI2 EventOFPPacketIn
EVENT ofp_event->FLOWPRI2 EventOFPPacketIn
EVENT ofp_event->FLOWPRI2 EventOFPPacketIn
EVENT ofp_event->FLOWPRI2 EventOFPPacketIn
EVENT ofp_event->FLOWPRI2 EventOFPPacketIn
EVENT ofp_event->FLOWPRI2 EventOFPPacketIn
EVENT ofp_event->FLOWPRI2 EventOFPPacketIn
EVENT ofp_event->FLOWPRI2 EventOFPPacketIn
EVENT ofp_event->FLOWPRI2 EventOFPPacketIn
EVENT ofp_event->FLOWPRI2 EventOFPPacketIn
EVENT ofp_event->FLOWPRI2 EventOFPPacketIn
EVENT ofp_event->FLOWPRI2 EventOFPPacketIn
EVENT ofp_event->FLOWPRI2 EventOFPPacketIn
EVENT ofp_event->FLOWPRI2 EventOFPPacketIn
EVENT ofp_event->FLOWPRI2 EventOFPPacketIn
EVENT ofp_event->FLOWPRI2 EventOFPPacketIn
EVENT ofp_event->FLOWPRI2 EventOFPPacketIn
EVENT ofp_event->FLOWPRI2 EventOFPPacketIn
EVENT ofp_event->FLOWPRI2 EventOFPPacketIn
EVENT ofp_event->FLOWPRI2 EventOFPPacketIn
EVENT ofp_event->FLOWPRI2 EventOFPPacketIn
EVENT ofp_event->FLOWPRI2 EventOFPPacketIn
EVENT ofp_event->FLOWPRI2 EventOFPPacketIn
EVENT ofp_event->FLOWPRI2 EventOFPPacketIn
EVENT ofp_event->FLOWPRI2 EventOFPPacketIn
EVENT ofp_event->FLOWPRI2 EventOFPPacketIn
EVENT ofp_event->FLOWPRI2 EventOFPPacketIn
EVENT ofp_event->FLOWPRI2 EventOFPPacketIn
EVENT ofp_event->FLOWPRI2 EventOFPPacketIn
EVENT ofp_event->FLOWPRI2 EventOFPPacketIn
EVENT ofp_event->FLOWPRI2 EventOFPPacketIn
EVENT ofp_event->FLOWPRI2 EventOFPPacketIn
EVENT ofp_event->FLOWPRI2 EventOFPPacketIn
EVENT ofp_event->FLOWPRI2 EventOFPPacketIn
EVENT ofp_event->FLOWPRI2 EventOFPPacketIn
EVENT ofp_event->FLOWPRI2 EventOFPPacketIn
EVENT ofp_event->FLOWPRI2 EventOFPPacketIn
EVENT ofp_event->FLOWPRI2 EventOFPPacketIn
EVENT ofp_event->FLOWPRI2 EventOFPPacketIn
EVENT ofp_event->FLOWPRI2 EventOFPPacketIn
EVENT ofp_event->FLOWPRI2 EventOFPPacketIn
EVENT ofp_event->FLOWPRI2 EventOFPPacketIn
EVENT ofp_event->FLOWPRI2 EventOFPPacketIn
EVENT ofp_event->FLOWPRI2 EventOFPPacketIn
EVENT ofp_event->FLOWPRI2 EventOFPPacketIn
EVENT ofp_event->FLOWPRI2 EventOFPPacketIn
EVENT ofp_event->FLOWPRI2 EventOFPPacketIn
EVENT ofp_event->FLOWPRI2 EventOFPPacketIn
EVENT ofp_event->FLOWPRI2 EventOFPPacketIn
EVENT ofp_event->FLOWPRI2 EventOFPPacketIn
EVENT ofp_event->FLOWPRI2 EventOFPPacketIn
EVENT ofp_event->FLOWPRI2 EventOFPPacketIn
EVENT ofp_event->FLOWPRI2 EventOFPPacketIn
EVENT ofp_event->FLOWPRI2 EventOFPPacketIn
EVENT ofp_event->FLOWPRI2 EventOFPPacketIn
EVENT ofp_event->FLOWPRI2 EventOFPPacketIn
EVENT ofp_event->FLOWPRI2 EventOFPPacketIn
EVENT ofp_event->FLOWPRI2 EventOFPPacketIn
EVENT ofp_event->FLOWPRI2 EventOFPPacketIn
EVENT ofp_event->FLOWPRI2 EventOFPPacketIn
EVENT ofp_event->FLOWPRI2 EventOFPPacketIn
EVENT ofp_event->FLOWPRI2 EventOFPPacketIn
EVENT ofp_event->FLOWPRI2 EventOFPPacketIn
EVENT ofp_event->FLOWPRI2 EventOFPPacketIn
EVENT ofp_event->FLOWPRI2 EventOFPPacketIn
EVENT ofp_event->FLOWPRI2 EventOFPPacketIn
EVENT ofp_event->FLOWPRI2 EventOFPPacketIn
EVENT ofp_event->FLOWPRI2 EventOFPPacketIn
EVENT ofp_event->FLOWPRI2 EventOFPPacketIn
EVENT ofp_event->FLOWPRI2 EventOFPPacketIn
EVENT ofp_event->FLOWPRI2 EventOFPPacketIn
EVENT ofp_event->FLOWPRI2 EventOFPPacketIn
EVENT ofp_event->FLOWPRI2 EventOFPPacketIn
EVENT ofp_event->FLOWPRI2 EventOFPPacketIn
EVENT ofp_event->FLOWPRI2 EventOFPPacketIn
EVENT ofp_event->FLOWPRI2 EventOFPPacketIn
EVENT ofp_event->FLOWPRI2 EventOFPPacketIn
EVENT ofp_event->FLOWPRI2 EventOFPPacketIn
EVENT ofp_event->FLOWPRI2 EventOFPPacketIn
EVENT ofp_event->FLOWPRI2 EventOFPPacketIn
EVENT ofp_event->FLOWPRI2 EventOFPPacketIn
EVENT ofp_event->FLOWPRI2 EventOFPPacketIn
EVENT ofp_event->FLOWPRI2 EventOFPPacketIn
EVENT ofp_event->FLOWPRI2 EventOFPPacketIn
EVENT ofp_event->FLOWPRI2 EventOFPPacketIn
EVENT ofp_event->FLOWPRI2 EventOFPPacketIn
EVENT ofp_event->FLOWPRI2 EventOFPPacketIn
EVENT ofp_event->FLOWPRI2 EventOFPPacketIn
EVENT ofp_event->FLOWPRI2 EventOFPPacketIn
EVENT ofp_event->FLOWPRI2 EventOFPPacketIn
EVENT ofp_event->FLOWPRI2 EventOFPPacketIn
EVENT ofp_event->FLOWPRI2 EventOFPPacketIn
EVENT ofp_event->FLOWPRI2 EventOFPPacketIn
EVENT ofp_event->FLOWPRI2 EventOFPPacketIn
EVENT ofp_event->FLOWPRI2 EventOFPPacketIn
EVENT ofp_event->FLOWPRI2 EventOFPPacketIn
EVENT ofp_event->FLOWPRI2 EventOFPPacketIn
EVENT ofp_event->FLOWPRI2 EventOFPPacketIn
EVENT ofp_event->FLOWPRI2 EventOFPPacketIn
EVENT ofp_event->FLOWPRI2 EventOFPPacketIn
EVENT ofp_event->FLOWPRI2 EventOFPPacketIn
EVENT ofp_event->FLOWPRI2 EventOFPPacketIn
EVENT ofp_event->FLOWPRI2 EventOFPPacketIn
EVENT ofp_event->FLOWPRI2 EventOFPPacketIn
EVENT ofp_event->FLOWPRI2 EventOFPPacketIn
EVENT ofp_event->FLOWPRI2 EventOFPPacketIn
EVENT ofp_event->FLOWPRI2 EventOFPPacketIn
EVENT ofp_event->FLOWPRI2 EventOFPPacketIn
EVENT ofp_event->FLOWPRI2 EventOFPPacketIn
EVENT ofp_event->FLOWPRI2 EventOFPPacketIn
EVENT ofp_event->FLOWPRI2 EventOFPPacketIn
EVENT ofp_event->FLOWPRI2 EventOFPPacketIn
EVENT ofp_event->FLOWPRI2 EventOFPPacketIn
EVENT ofp_event->FLOWPRI2 EventOFPPacketIn
EVENT ofp_event->FLOWPRI2 EventOFPPacketIn
EVENT ofp_event->FLOWPRI2 EventOFPPacketIn
EVENT ofp_event->FLOWPRI2 EventOFPPacketIn
EVENT ofp_event->FLOWPRI2 EventOFPPacketIn
EVENT ofp_event->FLOWPRI2 EventOFPPacketIn
EVENT ofp_event->FLOWPRI2 EventOFPPacketIn
EVENT ofp_event->FLOWPRI2 EventOFPPacketIn
EVENT ofp_event->FLOWPRI2 EventOFPPacketIn
EVENT ofp_event->FLOWPRI2 EventOFPPacketIn
EVENT ofp_event->FLOWPRI2 EventOFPPacketIn
EVENT ofp_event->FLOWPRI2 EventOFPPacketIn
EVENT ofp_event->FLOWPRI2 EventOFPPacketIn
EVENT ofp_event->FLOWPRI2 EventOFPPacketIn
EVENT ofp_event->FLOWPRI2 EventOFPPacketIn
EVENT ofp_event->FLOWPRI2 EventOFPPacketIn
EVENT ofp_event->FLOWPRI2 EventOFPPacketIn
Creating veth19-validator-172.16.1.0-172.16.3.0 ... 
Creating veth19-settings-tp-172.16.1.0-172.16.3.0 ... 
Creating veth19-pbft-172.16.1.0-172.16.3.0        ... 
Creating veth19-rest-api-172.16.1.0-172.16.3.0    ... 
Creating veth19-qosblockchain-172.16.1.0-172.16.3.0 ... 
[3A[2KCreating veth19-pbft-172.16.1.0-172.16.3.0          ... [32mdone[0m[3B[1A[2KCreating veth19-qosblockchain-172.16.1.0-172.16.3.0 ... [32mdone[0m[1B[2A[2KCreating veth19-rest-api-172.16.1.0-172.16.3.0      ... [32mdone[0m[2B[4A[2KCreating veth19-settings-tp-172.16.1.0-172.16.3.0   ... [32mdone[0m[4B[5A[2KCreating veth19-validator-172.16.1.0-172.16.3.0     ... [32mdone[0m[5BEVENT ofp_event->FLOWPRI2 EventOFPPacketIn
EVENT ofp_event->FLOWPRI2 EventOFPPacketIn
EVENT ofp_event->FLOWPRI2 EventOFPPacketIn
EVENT ofp_event->FLOWPRI2 EventOFPPacketIn
EVENT ofp_event->FLOWPRI2 EventOFPPacketIn
EVENT ofp_event->FLOWPRI2 EventOFPPacketIn
EVENT ofp_event->FLOWPRI2 EventOFPPacketIn
EVENT ofp_event->FLOWPRI2 EventOFPPacketIn
EVENT ofp_event->FLOWPRI2 EventOFPPacketIn
EVENT ofp_event->FLOWPRI2 EventOFPPacketIn
EVENT ofp_event->FLOWPRI2 EventOFPPacketIn
EVENT ofp_event->FLOWPRI2 EventOFPFlowRemoved
EVENT ofp_event->FLOWPRI2 EventOFPPacketIn
EVENT ofp_event->FLOWPRI2 EventOFPPacketIn
EVENT ofp_event->FLOWPRI2 EventOFPPacketIn
EVENT ofp_event->FLOWPRI2 EventOFPPacketIn
EVENT ofp_event->FLOWPRI2 EventOFPPacketIn
EVENT ofp_event->FLOWPRI2 EventOFPPacketIn
EVENT ofp_event->FLOWPRI2 EventOFPPacketIn
EVENT ofp_event->FLOWPRI2 EventOFPPacketIn
EVENT ofp_event->FLOWPRI2 EventOFPPacketIn
EVENT ofp_event->FLOWPRI2 EventOFPPacketIn
EVENT ofp_event->FLOWPRI2 EventOFPPacketIn
EVENT ofp_event->FLOWPRI2 EventOFPPacketIn
EVENT ofp_event->FLOWPRI2 EventOFPPacketIn
EVENT ofp_event->FLOWPRI2 EventOFPPacketIn
EVENT ofp_event->FLOWPRI2 EventOFPPacketIn
EVENT ofp_event->FLOWPRI2 EventOFPPacketIn
EVENT ofp_event->FLOWPRI2 EventOFPPacketIn
EVENT ofp_event->FLOWPRI2 EventOFPPacketIn
EVENT ofp_event->FLOWPRI2 EventOFPPacketIn
EVENT ofp_event->FLOWPRI2 EventOFPPacketIn
EVENT ofp_event->FLOWPRI2 EventOFPPacketIn
EVENT ofp_event->FLOWPRI2 EventOFPPacketIn
EVENT ofp_event->FLOWPRI2 EventOFPPacketIn
EVENT ofp_event->FLOWPRI2 EventOFPPacketIn
EVENT ofp_event->FLOWPRI2 EventOFPPacketIn
EVENT ofp_event->FLOWPRI2 EventOFPPacketIn
EVENT ofp_event->FLOWPRI2 EventOFPPacketIn
EVENT ofp_event->FLOWPRI2 EventOFPPacketIn
EVENT ofp_event->FLOWPRI2 EventOFPPacketIn
EVENT ofp_event->FLOWPRI2 EventOFPPacketIn
EVENT ofp_event->FLOWPRI2 EventOFPPacketIn
EVENT ofp_event->FLOWPRI2 EventOFPPacketIn
EVENT ofp_event->FLOWPRI2 EventOFPPacketIn
EVENT ofp_event->FLOWPRI2 EventOFPPacketIn
EVENT ofp_event->FLOWPRI2 EventOFPPacketIn
EVENT ofp_event->FLOWPRI2 EventOFPPacketIn
EVENT ofp_event->FLOWPRI2 EventOFPPacketIn
EVENT ofp_event->FLOWPRI2 EventOFPPacketIn
EVENT ofp_event->FLOWPRI2 EventOFPPacketIn
EVENT ofp_event->FLOWPRI2 EventOFPPacketIn
EVENT ofp_event->FLOWPRI2 EventOFPPacketIn
EVENT ofp_event->FLOWPRI2 EventOFPPacketIn
EVENT ofp_event->FLOWPRI2 EventOFPPacketIn
EVENT ofp_event->FLOWPRI2 EventOFPPacketIn
EVENT ofp_event->FLOWPRI2 EventOFPPacketIn
EVENT ofp_event->FLOWPRI2 EventOFPPacketIn
EVENT ofp_event->FLOWPRI2 EventOFPPacketIn
EVENT ofp_event->FLOWPRI2 EventOFPPacketIn
EVENT ofp_event->FLOWPRI2 EventOFPPacketIn
EVENT ofp_event->FLOWPRI2 EventOFPPacketIn
EVENT ofp_event->FLOWPRI2 EventOFPPacketIn
EVENT ofp_event->FLOWPRI2 EventOFPPacketIn
EVENT ofp_event->FLOWPRI2 EventOFPPacketIn
EVENT ofp_event->FLOWPRI2 EventOFPPacketIn
EVENT ofp_event->FLOWPRI2 EventOFPPacketIn
EVENT ofp_event->FLOWPRI2 EventOFPPacketIn
EVENT ofp_event->FLOWPRI2 EventOFPPacketIn
EVENT ofp_event->FLOWPRI2 EventOFPPacketIn
EVENT ofp_event->FLOWPRI2 EventOFPPacketIn
EVENT ofp_event->FLOWPRI2 EventOFPPacketIn
EVENT ofp_event->FLOWPRI2 EventOFPPacketIn
EVENT ofp_event->FLOWPRI2 EventOFPPacketIn
connect_tcp.started host='172.16.3.50' port=13917 local_address=None timeout=5.0 socket_options=None
connect_tcp.complete return_value=<httpcore._backends.sync.SyncStream object at 0x79af8c4e6670>
send_request_headers.started request=<Request [b'POST']>
send_request_headers.complete
send_request_body.started request=<Request [b'POST']>
send_request_body.complete
receive_response_headers.started request=<Request [b'POST']>
EVENT ofp_event->FLOWPRI2 EventOFPPacketIn
EVENT ofp_event->FLOWPRI2 EventOFPPacketIn
EVENT ofp_event->FLOWPRI2 EventOFPPacketIn
EVENT ofp_event->FLOWPRI2 EventOFPPacketIn
EVENT ofp_event->FLOWPRI2 EventOFPPacketIn
receive_response_headers.complete return_value=(b'HTTP/1.1', 202, b'Accepted', [(b'Content-Type', b'application/json; charset=utf-8'), (b'Content-Length', b'187'), (b'Date', b'Mon, 21 Apr 2025 17:34:04 GMT'), (b'Server', b'Python/3.6 aiohttp/3.0.1')])
HTTP Request: POST http://172.16.3.50:13917/batches "HTTP/1.1 202 Accepted"
receive_response_body.started request=<Request [b'POST']>
receive_response_body.complete
response_closed.started
response_closed.complete
close.started
close.complete
EVENT ofp_event->FLOWPRI2 EventOFPPacketIn
EVENT ofp_event->FLOWPRI2 EventOFPPacketIn
EVENT ofp_event->FLOWPRI2 EventOFPPacketIn
EVENT ofp_event->FLOWPRI2 EventOFPPacketIn
EVENT ofp_event->FLOWPRI2 EventOFPPacketIn
EVENT ofp_event->FLOWPRI2 EventOFPPacketIn
EVENT ofp_event->FLOWPRI2 EventOFPPacketIn
EVENT ofp_event->FLOWPRI2 EventOFPPacketIn
EVENT ofp_event->FLOWPRI2 EventOFPPacketIn
EVENT ofp_event->FLOWPRI2 EventOFPPacketIn
EVENT ofp_event->FLOWPRI2 EventOFPPacketIn
EVENT ofp_event->FLOWPRI2 EventOFPPacketIn
EVENT ofp_event->FLOWPRI2 EventOFPPacketIn
EVENT ofp_event->FLOWPRI2 EventOFPPacketIn
EVENT ofp_event->FLOWPRI2 EventOFPPacketIn
EVENT ofp_event->FLOWPRI2 EventOFPPacketIn
EVENT ofp_event->FLOWPRI2 EventOFPPacketIn
EVENT ofp_event->FLOWPRI2 EventOFPPacketIn
EVENT ofp_event->FLOWPRI2 EventOFPPacketIn
EVENT ofp_event->FLOWPRI2 EventOFPPacketIn
EVENT ofp_event->FLOWPRI2 EventOFPPacketIn
EVENT ofp_event->FLOWPRI2 EventOFPPacketIn
EVENT ofp_event->FLOWPRI2 EventOFPPacketIn
EVENT ofp_event->FLOWPRI2 EventOFPFlowRemoved
EVENT ofp_event->FLOWPRI2 EventOFPFlowRemoved
EVENT ofp_event->FLOWPRI2 EventOFPPacketIn
EVENT ofp_event->FLOWPRI2 EventOFPPacketIn
EVENT ofp_event->FLOWPRI2 EventOFPPacketIn
EVENT ofp_event->FLOWPRI2 EventOFPPacketIn
EVENT ofp_event->FLOWPRI2 EventOFPPacketIn
EVENT ofp_event->FLOWPRI2 EventOFPPacketIn
EVENT ofp_event->FLOWPRI2 EventOFPPacketIn
EVENT ofp_event->FLOWPRI2 EventOFPPacketIn
EVENT ofp_event->FLOWPRI2 EventOFPPacketIn
EVENT ofp_event->FLOWPRI2 EventOFPPacketIn
EVENT ofp_event->FLOWPRI2 EventOFPPacketIn
EVENT ofp_event->FLOWPRI2 EventOFPPacketIn
EVENT ofp_event->FLOWPRI2 EventOFPPacketIn
EVENT ofp_event->FLOWPRI2 EventOFPPacketIn
EVENT ofp_event->FLOWPRI2 EventOFPPacketIn
EVENT ofp_event->FLOWPRI2 EventOFPPacketIn
EVENT ofp_event->FLOWPRI2 EventOFPPacketIn
EVENT ofp_event->FLOWPRI2 EventOFPPacketIn
EVENT ofp_event->FLOWPRI2 EventOFPPacketIn
EVENT ofp_event->FLOWPRI2 EventOFPPacketIn
EVENT ofp_event->FLOWPRI2 EventOFPPacketIn
EVENT ofp_event->FLOWPRI2 EventOFPPacketIn
EVENT ofp_event->FLOWPRI2 EventOFPPacketIn
EVENT ofp_event->FLOWPRI2 EventOFPPacketIn
EVENT ofp_event->FLOWPRI2 EventOFPPacketIn
EVENT ofp_event->FLOWPRI2 EventOFPPacketIn
EVENT ofp_event->FLOWPRI2 EventOFPPacketIn
EVENT ofp_event->FLOWPRI2 EventOFPPacketIn
EVENT ofp_event->FLOWPRI2 EventOFPPacketIn
EVENT ofp_event->FLOWPRI2 EventOFPPacketIn
EVENT ofp_event->FLOWPRI2 EventOFPPacketIn
EVENT ofp_event->FLOWPRI2 EventOFPPacketIn
EVENT ofp_event->FLOWPRI2 EventOFPPacketIn
EVENT ofp_event->FLOWPRI2 EventOFPPacketIn
EVENT ofp_event->FLOWPRI2 EventOFPPacketIn
EVENT ofp_event->FLOWPRI2 EventOFPPacketIn
EVENT ofp_event->FLOWPRI2 EventOFPPacketIn
EVENT ofp_event->FLOWPRI2 EventOFPPacketIn
EVENT ofp_event->FLOWPRI2 EventOFPPacketIn
EVENT ofp_event->FLOWPRI2 EventOFPPacketIn
EVENT ofp_event->FLOWPRI2 EventOFPPacketIn
EVENT ofp_event->FLOWPRI2 EventOFPPacketIn
EVENT ofp_event->FLOWPRI2 EventOFPPacketIn
EVENT ofp_event->FLOWPRI2 EventOFPPacketIn
EVENT ofp_event->FLOWPRI2 EventOFPPacketIn
EVENT ofp_event->FLOWPRI2 EventOFPPacketIn
EVENT ofp_event->FLOWPRI2 EventOFPPacketIn
EVENT ofp_event->FLOWPRI2 EventOFPPacketIn
EVENT ofp_event->FLOWPRI2 EventOFPPacketIn
EVENT ofp_event->FLOWPRI2 EventOFPPacketIn
EVENT ofp_event->FLOWPRI2 EventOFPPacketIn
EVENT ofp_event->FLOWPRI2 EventOFPPacketIn
EVENT ofp_event->FLOWPRI2 EventOFPPacketIn
EVENT ofp_event->FLOWPRI2 EventOFPPacketIn
EVENT ofp_event->FLOWPRI2 EventOFPPacketIn
EVENT ofp_event->FLOWPRI2 EventOFPPacketIn
EVENT ofp_event->FLOWPRI2 EventOFPPacketIn
EVENT ofp_event->FLOWPRI2 EventOFPPacketIn
EVENT ofp_event->FLOWPRI2 EventOFPPortStatus
OFPPortStatus received: reason=DELETE desc=OFPPort(port_no=10,hw_addr='46:8f:17:f2:04:1b',name=b'veth16',config=0,state=4,curr=2112,advertised=0,supported=0,peer=0,curr_speed=10000000,max_speed=0)
EVENT ofp_event->FLOWPRI2 EventOFPPortStatus
OFPPortStatus received: reason=DELETE desc=OFPPort(port_no=11,hw_addr='3e:3c:82:8a:1a:3c',name=b'veth18',config=0,state=4,curr=2112,advertised=0,supported=0,peer=0,curr_speed=10000000,max_speed=0)
loading app core/main_controller.py
loading app ryu.controller.ofp_handler
instantiating app core/main_controller.py of FLOWPRI2
instantiating app ryu.controller.ofp_handler of OFPHandler
BRICK FLOWPRI2
  CONSUMES EventOFPFlowRemoved
  CONSUMES EventOFPPacketIn
  CONSUMES EventOFPPortStatus
  CONSUMES EventOFPSwitchFeatures
BRICK ofp_event
  PROVIDES EventOFPFlowRemoved TO {'FLOWPRI2': {'main'}}
  PROVIDES EventOFPPacketIn TO {'FLOWPRI2': {'main'}}
  PROVIDES EventOFPPortStatus TO {'FLOWPRI2': {'main'}}
  PROVIDES EventOFPSwitchFeatures TO {'FLOWPRI2': {'config'}}
  CONSUMES EventOFPEchoReply
  CONSUMES EventOFPEchoRequest
  CONSUMES EventOFPErrorMsg
  CONSUMES EventOFPHello
  CONSUMES EventOFPPortDescStatsReply
  CONSUMES EventOFPPortStatus
  CONSUMES EventOFPSwitchFeatures
connected socket:<eventlet.greenio.base.GreenSocket object at 0x71ee27ae2d90> address:('172.16.3.50', 38852)
hello ev <ryu.controller.ofp_event.EventOFPHello object at 0x71ee27780310>
move onto config mode
EVENT ofp_event->FLOWPRI2 EventOFPSwitchFeatures
switch features ev version=0x4,msg_type=0x6,msg_len=0x20,xid=0xa7a83480,OFPSwitchFeatures(auxiliary_id=0,capabilities=79,datapath_id=3,n_buffers=0,n_tables=254)
move onto main mode
EVENT ofp_event->FLOWPRI2 EventOFPPacketIn
EVENT ofp_event->FLOWPRI2 EventOFPPacketIn
EVENT ofp_event->FLOWPRI2 EventOFPPacketIn
EVENT ofp_event->FLOWPRI2 EventOFPPacketIn
EVENT ofp_event->FLOWPRI2 EventOFPPacketIn
EVENT ofp_event->FLOWPRI2 EventOFPPacketIn
EVENT ofp_event->FLOWPRI2 EventOFPPacketIn
EVENT ofp_event->FLOWPRI2 EventOFPPacketIn
EVENT ofp_event->FLOWPRI2 EventOFPPacketIn
EVENT ofp_event->FLOWPRI2 EventOFPPacketIn
EVENT ofp_event->FLOWPRI2 EventOFPPacketIn
EVENT ofp_event->FLOWPRI2 EventOFPPacketIn
EVENT ofp_event->FLOWPRI2 EventOFPPacketIn
EVENT ofp_event->FLOWPRI2 EventOFPPacketIn
EVENT ofp_event->FLOWPRI2 EventOFPPacketIn
EVENT ofp_event->FLOWPRI2 EventOFPPacketIn
EVENT ofp_event->FLOWPRI2 EventOFPPacketIn
EVENT ofp_event->FLOWPRI2 EventOFPPacketIn
EVENT ofp_event->FLOWPRI2 EventOFPPacketIn
EVENT ofp_event->FLOWPRI2 EventOFPPacketIn
EVENT ofp_event->FLOWPRI2 EventOFPPacketIn
EVENT ofp_event->FLOWPRI2 EventOFPPacketIn
EVENT ofp_event->FLOWPRI2 EventOFPPacketIn
EVENT ofp_event->FLOWPRI2 EventOFPPacketIn
EVENT ofp_event->FLOWPRI2 EventOFPPacketIn
EVENT ofp_event->FLOWPRI2 EventOFPPacketIn
EVENT ofp_event->FLOWPRI2 EventOFPPacketIn
EVENT ofp_event->FLOWPRI2 EventOFPPacketIn
EVENT ofp_event->FLOWPRI2 EventOFPPacketIn
EVENT ofp_event->FLOWPRI2 EventOFPPacketIn
EVENT ofp_event->FLOWPRI2 EventOFPPacketIn
EVENT ofp_event->FLOWPRI2 EventOFPPacketIn
EVENT ofp_event->FLOWPRI2 EventOFPPacketIn
EVENT ofp_event->FLOWPRI2 EventOFPPacketIn
EVENT ofp_event->FLOWPRI2 EventOFPPacketIn
EVENT ofp_event->FLOWPRI2 EventOFPPacketIn
EVENT ofp_event->FLOWPRI2 EventOFPPacketIn
EVENT ofp_event->FLOWPRI2 EventOFPPacketIn
EVENT ofp_event->FLOWPRI2 EventOFPPacketIn
EVENT ofp_event->FLOWPRI2 EventOFPPacketIn
EVENT ofp_event->FLOWPRI2 EventOFPPacketIn
EVENT ofp_event->FLOWPRI2 EventOFPPacketIn
EVENT ofp_event->FLOWPRI2 EventOFPPacketIn
EVENT ofp_event->FLOWPRI2 EventOFPPacketIn
EVENT ofp_event->FLOWPRI2 EventOFPPacketIn
EVENT ofp_event->FLOWPRI2 EventOFPPacketIn
EVENT ofp_event->FLOWPRI2 EventOFPPacketIn
EVENT ofp_event->FLOWPRI2 EventOFPPacketIn
EVENT ofp_event->FLOWPRI2 EventOFPPacketIn
EVENT ofp_event->FLOWPRI2 EventOFPPacketIn
EVENT ofp_event->FLOWPRI2 EventOFPPacketIn
EVENT ofp_event->FLOWPRI2 EventOFPPacketIn
EVENT ofp_event->FLOWPRI2 EventOFPPacketIn
EVENT ofp_event->FLOWPRI2 EventOFPPortStatus
OFPPortStatus received: reason=DELETE desc=OFPPort(port_no=10,hw_addr='46:8f:17:f2:04:1b',name=b'veth16',config=0,state=4,curr=2112,advertised=0,supported=0,peer=0,curr_speed=10000000,max_speed=0)
EVENT ofp_event->FLOWPRI2 EventOFPPortStatus
OFPPortStatus received: reason=DELETE desc=OFPPort(port_no=11,hw_addr='3e:3c:82:8a:1a:3c',name=b'veth18',config=0,state=4,curr=2112,advertised=0,supported=0,peer=0,curr_speed=10000000,max_speed=0)
