loading app core/main_controller.py
loading app ryu.controller.ofp_handler
instantiating app core/main_controller.py of FLOWPRI2
instantiating app ryu.controller.ofp_handler of OFPHandler
BRICK FLOWPRI2
  CONSUMES EventOFPFlowRemoved
  CONSUMES EventOFPPacketIn
  CONSUMES EventOFPPortStatus
  CONSUMES EventOFPSwitchFeatures
BRICK ofp_event
  PROVIDES EventOFPFlowRemoved TO {'FLOWPRI2': {'main'}}
  PROVIDES EventOFPPacketIn TO {'FLOWPRI2': {'main'}}
  PROVIDES EventOFPPortStatus TO {'FLOWPRI2': {'main'}}
  PROVIDES EventOFPSwitchFeatures TO {'FLOWPRI2': {'config'}}
  CONSUMES EventOFPEchoReply
  CONSUMES EventOFPEchoRequest
  CONSUMES EventOFPErrorMsg
  CONSUMES EventOFPHello
  CONSUMES EventOFPPortDescStatsReply
  CONSUMES EventOFPPortStatus
  CONSUMES EventOFPSwitchFeatures
connected socket:<eventlet.greenio.base.GreenSocket object at 0x73ff16442cd0> address:('172.16.4.50', 56564)
hello ev <ryu.controller.ofp_event.EventOFPHello object at 0x73ff16451220>
move onto config mode
EVENT ofp_event->FLOWPRI2 EventOFPSwitchFeatures
switch features ev version=0x4,msg_type=0x6,msg_len=0x20,xid=0x51dbcec6,OFPSwitchFeatures(auxiliary_id=0,capabilities=79,datapath_id=4,n_buffers=0,n_tables=254)
move onto main mode
EVENT ofp_event->FLOWPRI2 EventOFPPacketIn
EVENT ofp_event->FLOWPRI2 EventOFPPacketIn
EVENT ofp_event->FLOWPRI2 EventOFPPacketIn
EVENT ofp_event->FLOWPRI2 EventOFPPacketIn
EVENT ofp_event->FLOWPRI2 EventOFPPacketIn
EVENT ofp_event->FLOWPRI2 EventOFPPacketIn
EVENT ofp_event->FLOWPRI2 EventOFPPacketIn
EVENT ofp_event->FLOWPRI2 EventOFPPacketIn
EVENT ofp_event->FLOWPRI2 EventOFPPacketIn
EVENT ofp_event->FLOWPRI2 EventOFPPacketIn
EVENT ofp_event->FLOWPRI2 EventOFPPacketIn
EVENT ofp_event->FLOWPRI2 EventOFPPortStatus
OFPPortStatus received: reason=DELETE desc=OFPPort(port_no=15,hw_addr='fa:fe:6d:f5:87:46',name=b'veth24',config=0,state=4,curr=2112,advertised=0,supported=0,peer=0,curr_speed=10000000,max_speed=0)
loading app core/main_controller.py
loading app ryu.controller.ofp_handler
instantiating app core/main_controller.py of FLOWPRI2
instantiating app ryu.controller.ofp_handler of OFPHandler
BRICK FLOWPRI2
  CONSUMES EventOFPFlowRemoved
  CONSUMES EventOFPPacketIn
  CONSUMES EventOFPPortStatus
  CONSUMES EventOFPSwitchFeatures
BRICK ofp_event
  PROVIDES EventOFPFlowRemoved TO {'FLOWPRI2': {'main'}}
  PROVIDES EventOFPPacketIn TO {'FLOWPRI2': {'main'}}
  PROVIDES EventOFPPortStatus TO {'FLOWPRI2': {'main'}}
  PROVIDES EventOFPSwitchFeatures TO {'FLOWPRI2': {'config'}}
  CONSUMES EventOFPEchoReply
  CONSUMES EventOFPEchoRequest
  CONSUMES EventOFPErrorMsg
  CONSUMES EventOFPHello
  CONSUMES EventOFPPortDescStatsReply
  CONSUMES EventOFPPortStatus
  CONSUMES EventOFPSwitchFeatures
connected socket:<eventlet.greenio.base.GreenSocket object at 0x7776d4644cd0> address:('172.16.4.50', 49524)
hello ev <ryu.controller.ofp_event.EventOFPHello object at 0x7776c1d02250>
move onto config mode
EVENT ofp_event->FLOWPRI2 EventOFPSwitchFeatures
switch features ev version=0x4,msg_type=0x6,msg_len=0x20,xid=0x6d268ee7,OFPSwitchFeatures(auxiliary_id=0,capabilities=79,datapath_id=4,n_buffers=0,n_tables=254)
move onto main mode
EVENT ofp_event->FLOWPRI2 EventOFPPacketIn
EVENT ofp_event->FLOWPRI2 EventOFPPacketIn
EVENT ofp_event->FLOWPRI2 EventOFPPacketIn
EVENT ofp_event->FLOWPRI2 EventOFPPacketIn
EVENT ofp_event->FLOWPRI2 EventOFPPacketIn
EVENT ofp_event->FLOWPRI2 EventOFPPacketIn
EVENT ofp_event->FLOWPRI2 EventOFPPacketIn
EVENT ofp_event->FLOWPRI2 EventOFPPacketIn
EVENT ofp_event->FLOWPRI2 EventOFPPacketIn
EVENT ofp_event->FLOWPRI2 EventOFPPacketIn
EVENT ofp_event->FLOWPRI2 EventOFPPacketIn
EVENT ofp_event->FLOWPRI2 EventOFPPacketIn
EVENT ofp_event->FLOWPRI2 EventOFPPacketIn
EVENT ofp_event->FLOWPRI2 EventOFPPacketIn
EVENT ofp_event->FLOWPRI2 EventOFPPacketIn
EVENT ofp_event->FLOWPRI2 EventOFPPacketIn
EVENT ofp_event->FLOWPRI2 EventOFPPacketIn
EVENT ofp_event->FLOWPRI2 EventOFPPacketIn
EVENT ofp_event->FLOWPRI2 EventOFPPacketIn
EVENT ofp_event->FLOWPRI2 EventOFPPacketIn
EVENT ofp_event->FLOWPRI2 EventOFPPacketIn
EVENT ofp_event->FLOWPRI2 EventOFPPacketIn
EVENT ofp_event->FLOWPRI2 EventOFPPacketIn
EVENT ofp_event->FLOWPRI2 EventOFPPacketIn
EVENT ofp_event->FLOWPRI2 EventOFPPacketIn
EVENT ofp_event->FLOWPRI2 EventOFPPacketIn
EVENT ofp_event->FLOWPRI2 EventOFPPacketIn
EVENT ofp_event->FLOWPRI2 EventOFPPacketIn
EVENT ofp_event->FLOWPRI2 EventOFPPacketIn
EVENT ofp_event->FLOWPRI2 EventOFPPacketIn
EVENT ofp_event->FLOWPRI2 EventOFPPacketIn
EVENT ofp_event->FLOWPRI2 EventOFPPacketIn
EVENT ofp_event->FLOWPRI2 EventOFPPacketIn
EVENT ofp_event->FLOWPRI2 EventOFPPacketIn
EVENT ofp_event->FLOWPRI2 EventOFPPacketIn
EVENT ofp_event->FLOWPRI2 EventOFPPacketIn
EVENT ofp_event->FLOWPRI2 EventOFPPacketIn
EVENT ofp_event->FLOWPRI2 EventOFPPacketIn
EVENT ofp_event->FLOWPRI2 EventOFPPacketIn
EVENT ofp_event->FLOWPRI2 EventOFPPacketIn
EVENT ofp_event->FLOWPRI2 EventOFPPacketIn
EVENT ofp_event->FLOWPRI2 EventOFPPacketIn
EVENT ofp_event->FLOWPRI2 EventOFPPacketIn
EVENT ofp_event->FLOWPRI2 EventOFPPacketIn
EVENT ofp_event->FLOWPRI2 EventOFPPacketIn
EVENT ofp_event->FLOWPRI2 EventOFPPacketIn
EVENT ofp_event->FLOWPRI2 EventOFPPacketIn
EVENT ofp_event->FLOWPRI2 EventOFPPacketIn
EVENT ofp_event->FLOWPRI2 EventOFPPortStatus
OFPPortStatus received: reason=DELETE desc=OFPPort(port_no=15,hw_addr='fa:fe:6d:f5:87:46',name=b'veth24',config=0,state=4,curr=2112,advertised=0,supported=0,peer=0,curr_speed=10000000,max_speed=0)
